{"/Users/a./Projects/Web/pos/backend/services/taxComplianceService.js": {"path":"/Users/a./Projects/Web/pos/backend/services/taxComplianceService.js","statementMap":{"0":{"start":{"line":1,"column":11},"end":{"line":1,"column":35}},"1":{"start":{"line":2,"column":24},"end":{"line":2,"column":59}},"2":{"start":{"line":13,"column":25},"end":{"line":13,"column":81}},"3":{"start":{"line":16,"column":22},"end":{"line":25,"column":34}},"4":{"start":{"line":29,"column":24},"end":{"line":29,"column":26}},"5":{"start":{"line":30,"column":8},"end":{"line":46,"column":9}},"6":{"start":{"line":31,"column":12},"end":{"line":45,"column":13}},"7":{"start":{"line":32,"column":16},"end":{"line":42,"column":43}},"8":{"start":{"line":44,"column":16},"end":{"line":44,"column":64}},"9":{"start":{"line":48,"column":8},"end":{"line":77,"column":10}},"10":{"start":{"line":57,"column":55},"end":{"line":57,"column":81}},"11":{"start":{"line":63,"column":39},"end":{"line":68,"column":17}},"12":{"start":{"line":69,"column":47},"end":{"line":75,"column":17}},"13":{"start":{"line":85,"column":8},"end":{"line":85,"column":65}},"14":{"start":{"line":85,"column":18},"end":{"line":85,"column":65}},"15":{"start":{"line":89,"column":25},"end":{"line":89,"column":45}},"16":{"start":{"line":90,"column":8},"end":{"line":92,"column":9}},"17":{"start":{"line":91,"column":12},"end":{"line":91,"column":62}},"18":{"start":{"line":93,"column":8},"end":{"line":93,"column":31}},"19":{"start":{"line":97,"column":0},"end":{"line":97,"column":44}}},"fnMap":{"0":{"name":"(anonymous_0)","decl":{"start":{"line":11,"column":4},"end":{"line":11,"column":5}},"loc":{"start":{"line":11,"column":45},"end":{"line":78,"column":5}},"line":11},"1":{"name":"(anonymous_1)","decl":{"start":{"line":57,"column":43},"end":{"line":57,"column":44}},"loc":{"start":{"line":57,"column":55},"end":{"line":57,"column":81}},"line":57},"2":{"name":"(anonymous_2)","decl":{"start":{"line":63,"column":33},"end":{"line":63,"column":34}},"loc":{"start":{"line":63,"column":39},"end":{"line":68,"column":17}},"line":63},"3":{"name":"(anonymous_3)","decl":{"start":{"line":69,"column":41},"end":{"line":69,"column":42}},"loc":{"start":{"line":69,"column":47},"end":{"line":75,"column":17}},"line":69},"4":{"name":"(anonymous_4)","decl":{"start":{"line":84,"column":4},"end":{"line":84,"column":5}},"loc":{"start":{"line":84,"column":29},"end":{"line":94,"column":5}},"line":84}},"branchMap":{"0":{"loc":{"start":{"line":30,"column":8},"end":{"line":46,"column":9}},"type":"if","locations":[{"start":{"line":30,"column":8},"end":{"line":46,"column":9}},{"start":{},"end":{}}],"line":30},"1":{"loc":{"start":{"line":57,"column":62},"end":{"line":57,"column":80}},"type":"binary-expr","locations":[{"start":{"line":57,"column":62},"end":{"line":57,"column":75}},{"start":{"line":57,"column":79},"end":{"line":57,"column":80}}],"line":57},"2":{"loc":{"start":{"line":70,"column":30},"end":{"line":70,"column":57}},"type":"binary-expr","locations":[{"start":{"line":70,"column":30},"end":{"line":70,"column":44}},{"start":{"line":70,"column":48},"end":{"line":70,"column":57}}],"line":70},"3":{"loc":{"start":{"line":71,"column":25},"end":{"line":71,"column":47}},"type":"binary-expr","locations":[{"start":{"line":71,"column":25},"end":{"line":71,"column":38}},{"start":{"line":71,"column":42},"end":{"line":71,"column":47}}],"line":71},"4":{"loc":{"start":{"line":85,"column":8},"end":{"line":85,"column":65}},"type":"if","locations":[{"start":{"line":85,"column":8},"end":{"line":85,"column":65}},{"start":{},"end":{}}],"line":85},"5":{"loc":{"start":{"line":90,"column":8},"end":{"line":92,"column":9}},"type":"if","locations":[{"start":{"line":90,"column":8},"end":{"line":92,"column":9}},{"start":{},"end":{}}],"line":90}},"s":{"0":1,"1":1,"2":1,"3":1,"4":1,"5":1,"6":1,"7":1,"8":0,"9":1,"10":1,"11":1,"12":1,"13":2,"14":0,"15":2,"16":2,"17":1,"18":1,"19":1},"f":{"0":1,"1":1,"2":1,"3":1,"4":2},"b":{"0":[1,0],"1":[1,0],"2":[1,0],"3":[1,0],"4":[0,2],"5":[1,1]},"_coverageSchema":"1a1c01bbd47fc00a2c39e90264f33305004495a9","hash":"ec02be084c3d9b5c4309e15e7a17a3439e8b2a6b"}
,"/Users/a./Projects/Web/pos/backend/services/taxIntelligenceService.js": {"path":"/Users/a./Projects/Web/pos/backend/services/taxIntelligenceService.js","statementMap":{"0":{"start":{"line":1,"column":11},"end":{"line":1,"column":35}},"1":{"start":{"line":5,"column":8},"end":{"line":9,"column":10}},"2":{"start":{"line":11,"column":8},"end":{"line":11,"column":45}},"3":{"start":{"line":21,"column":8},"end":{"line":23,"column":9}},"4":{"start":{"line":22,"column":12},"end":{"line":22,"column":50}},"5":{"start":{"line":25,"column":20},"end":{"line":25,"column":44}},"6":{"start":{"line":28,"column":28},"end":{"line":41,"column":10}},"7":{"start":{"line":30,"column":12},"end":{"line":34,"column":24}},"8":{"start":{"line":37,"column":12},"end":{"line":40,"column":54}},"9":{"start":{"line":43,"column":8},"end":{"line":43,"column":22}},"10":{"start":{"line":45,"column":8},"end":{"line":45,"column":80}},"11":{"start":{"line":46,"column":8},"end":{"line":46,"column":33}},"12":{"start":{"line":54,"column":8},"end":{"line":58,"column":10}},"13":{"start":{"line":80,"column":28},"end":{"line":86,"column":52}},"14":{"start":{"line":88,"column":29},"end":{"line":88,"column":50}},"15":{"start":{"line":91,"column":28},"end":{"line":95,"column":34}},"16":{"start":{"line":97,"column":24},"end":{"line":97,"column":50}},"17":{"start":{"line":98,"column":29},"end":{"line":98,"column":58}},"18":{"start":{"line":102,"column":23},"end":{"line":102,"column":24}},"19":{"start":{"line":103,"column":8},"end":{"line":114,"column":9}},"20":{"start":{"line":104,"column":13},"end":{"line":113,"column":14}},"21":{"start":{"line":105,"column":39},"end":{"line":109,"column":42}},"22":{"start":{"line":110,"column":16},"end":{"line":110,"column":56}},"23":{"start":{"line":112,"column":17},"end":{"line":112,"column":92}},"24":{"start":{"line":116,"column":27},"end":{"line":116,"column":60}},"25":{"start":{"line":117,"column":27},"end":{"line":117,"column":52}},"26":{"start":{"line":119,"column":8},"end":{"line":126,"column":10}},"27":{"start":{"line":133,"column":23},"end":{"line":133,"column":39}},"28":{"start":{"line":134,"column":23},"end":{"line":134,"column":25}},"29":{"start":{"line":138,"column":28},"end":{"line":138,"column":52}},"30":{"start":{"line":139,"column":25},"end":{"line":143,"column":46}},"31":{"start":{"line":145,"column":8},"end":{"line":157,"column":9}},"32":{"start":{"line":146,"column":13},"end":{"line":150,"column":16}},"33":{"start":{"line":151,"column":15},"end":{"line":157,"column":9}},"34":{"start":{"line":152,"column":12},"end":{"line":156,"column":15}},"35":{"start":{"line":160,"column":22},"end":{"line":160,"column":32}},"36":{"start":{"line":161,"column":27},"end":{"line":161,"column":42}},"37":{"start":{"line":162,"column":8},"end":{"line":168,"column":9}},"38":{"start":{"line":163,"column":13},"end":{"line":167,"column":16}},"39":{"start":{"line":170,"column":8},"end":{"line":170,"column":22}},"40":{"start":{"line":174,"column":0},"end":{"line":174,"column":46}}},"fnMap":{"0":{"name":"(anonymous_0)","decl":{"start":{"line":4,"column":4},"end":{"line":4,"column":5}},"loc":{"start":{"line":4,"column":18},"end":{"line":12,"column":5}},"line":4},"1":{"name":"(anonymous_1)","decl":{"start":{"line":20,"column":4},"end":{"line":20,"column":5}},"loc":{"start":{"line":20,"column":71},"end":{"line":47,"column":5}},"line":20},"2":{"name":"(anonymous_2)","decl":{"start":{"line":28,"column":43},"end":{"line":28,"column":44}},"loc":{"start":{"line":28,"column":49},"end":{"line":41,"column":9}},"line":28},"3":{"name":"(anonymous_3)","decl":{"start":{"line":52,"column":4},"end":{"line":52,"column":5}},"loc":{"start":{"line":52,"column":16},"end":{"line":59,"column":5}},"line":52},"4":{"name":"(anonymous_4)","decl":{"start":{"line":67,"column":4},"end":{"line":67,"column":5}},"loc":{"start":{"line":67,"column":45},"end":{"line":127,"column":5}},"line":67},"5":{"name":"(anonymous_5)","decl":{"start":{"line":132,"column":4},"end":{"line":132,"column":5}},"loc":{"start":{"line":132,"column":16},"end":{"line":171,"column":5}},"line":132}},"branchMap":{"0":{"loc":{"start":{"line":20,"column":28},"end":{"line":20,"column":46}},"type":"default-arg","locations":[{"start":{"line":20,"column":40},"end":{"line":20,"column":46}}],"line":20},"1":{"loc":{"start":{"line":20,"column":48},"end":{"line":20,"column":69}},"type":"default-arg","locations":[{"start":{"line":20,"column":60},"end":{"line":20,"column":69}}],"line":20},"2":{"loc":{"start":{"line":21,"column":8},"end":{"line":23,"column":9}},"type":"if","locations":[{"start":{"line":21,"column":8},"end":{"line":23,"column":9}},{"start":{},"end":{}}],"line":21},"3":{"loc":{"start":{"line":54,"column":15},"end":{"line":58,"column":9}},"type":"binary-expr","locations":[{"start":{"line":54,"column":15},"end":{"line":54,"column":84}},{"start":{"line":54,"column":88},"end":{"line":58,"column":9}}],"line":54},"4":{"loc":{"start":{"line":80,"column":28},"end":{"line":86,"column":52}},"type":"binary-expr","locations":[{"start":{"line":80,"column":28},"end":{"line":86,"column":32}},{"start":{"line":86,"column":36},"end":{"line":86,"column":52}}],"line":80},"5":{"loc":{"start":{"line":97,"column":24},"end":{"line":97,"column":50}},"type":"binary-expr","locations":[{"start":{"line":97,"column":24},"end":{"line":97,"column":45}},{"start":{"line":97,"column":49},"end":{"line":97,"column":50}}],"line":97},"6":{"loc":{"start":{"line":98,"column":29},"end":{"line":98,"column":58}},"type":"binary-expr","locations":[{"start":{"line":98,"column":29},"end":{"line":98,"column":53}},{"start":{"line":98,"column":57},"end":{"line":98,"column":58}}],"line":98},"7":{"loc":{"start":{"line":103,"column":8},"end":{"line":114,"column":9}},"type":"if","locations":[{"start":{"line":103,"column":8},"end":{"line":114,"column":9}},{"start":{},"end":{}}],"line":103},"8":{"loc":{"start":{"line":110,"column":27},"end":{"line":110,"column":55}},"type":"binary-expr","locations":[{"start":{"line":110,"column":27},"end":{"line":110,"column":50}},{"start":{"line":110,"column":54},"end":{"line":110,"column":55}}],"line":110},"9":{"loc":{"start":{"line":122,"column":22},"end":{"line":122,"column":75}},"type":"cond-expr","locations":[{"start":{"line":122,"column":63},"end":{"line":122,"column":71}},{"start":{"line":122,"column":74},"end":{"line":122,"column":75}}],"line":122},"10":{"loc":{"start":{"line":139,"column":25},"end":{"line":143,"column":46}},"type":"binary-expr","locations":[{"start":{"line":139,"column":25},"end":{"line":143,"column":41}},{"start":{"line":143,"column":45},"end":{"line":143,"column":46}}],"line":139},"11":{"loc":{"start":{"line":145,"column":8},"end":{"line":157,"column":9}},"type":"if","locations":[{"start":{"line":145,"column":8},"end":{"line":157,"column":9}},{"start":{"line":151,"column":15},"end":{"line":157,"column":9}}],"line":145},"12":{"loc":{"start":{"line":151,"column":15},"end":{"line":157,"column":9}},"type":"if","locations":[{"start":{"line":151,"column":15},"end":{"line":157,"column":9}},{"start":{},"end":{}}],"line":151},"13":{"loc":{"start":{"line":162,"column":8},"end":{"line":168,"column":9}},"type":"if","locations":[{"start":{"line":162,"column":8},"end":{"line":168,"column":9}},{"start":{},"end":{}}],"line":162},"14":{"loc":{"start":{"line":162,"column":12},"end":{"line":162,"column":46}},"type":"binary-expr","locations":[{"start":{"line":162,"column":12},"end":{"line":162,"column":27}},{"start":{"line":162,"column":31},"end":{"line":162,"column":46}}],"line":162}},"s":{"0":1,"1":1,"2":1,"3":0,"4":0,"5":0,"6":0,"7":0,"8":0,"9":0,"10":0,"11":0,"12":0,"13":0,"14":0,"15":0,"16":0,"17":0,"18":0,"19":0,"20":0,"21":0,"22":0,"23":0,"24":0,"25":0,"26":0,"27":0,"28":0,"29":0,"30":0,"31":0,"32":0,"33":0,"34":0,"35":0,"36":0,"37":0,"38":0,"39":0,"40":1},"f":{"0":1,"1":0,"2":0,"3":0,"4":0,"5":0},"b":{"0":[0],"1":[0],"2":[0,0],"3":[0,0],"4":[0,0],"5":[0,0],"6":[0,0],"7":[0,0],"8":[0,0],"9":[0,0],"10":[0,0],"11":[0,0],"12":[0,0],"13":[0,0],"14":[0,0]},"_coverageSchema":"1a1c01bbd47fc00a2c39e90264f33305004495a9","hash":"6f87043b69c4271b0d274a0ed909e9b871e34546"}
}
