{"/Users/a./Projects/Web/pos/backend/services/analyticsService.js": {"path":"/Users/a./Projects/Web/pos/backend/services/analyticsService.js","statementMap":{"0":{"start":{"line":1,"column":11},"end":{"line":1,"column":35}},"1":{"start":{"line":14,"column":8},"end":{"line":35,"column":9}},"2":{"start":{"line":15,"column":27},"end":{"line":20,"column":20}},"3":{"start":{"line":24,"column":35},"end":{"line":24,"column":61}},"4":{"start":{"line":25,"column":30},"end":{"line":25,"column":31}},"5":{"start":{"line":27,"column":12},"end":{"line":31,"column":14}},"6":{"start":{"line":33,"column":12},"end":{"line":33,"column":58}},"7":{"start":{"line":34,"column":12},"end":{"line":34,"column":72}},"8":{"start":{"line":43,"column":8},"end":{"line":61,"column":9}},"9":{"start":{"line":45,"column":28},"end":{"line":55,"column":26}},"10":{"start":{"line":57,"column":12},"end":{"line":57,"column":27}},"11":{"start":{"line":59,"column":12},"end":{"line":59,"column":62}},"12":{"start":{"line":60,"column":12},"end":{"line":60,"column":22}},"13":{"start":{"line":69,"column":24},"end":{"line":69,"column":48}},"14":{"start":{"line":70,"column":8},"end":{"line":72,"column":9}},"15":{"start":{"line":71,"column":12},"end":{"line":71,"column":69}},"16":{"start":{"line":75,"column":24},"end":{"line":75,"column":48}},"17":{"start":{"line":75,"column":46},"end":{"line":75,"column":47}},"18":{"start":{"line":76,"column":24},"end":{"line":76,"column":57}},"19":{"start":{"line":76,"column":41},"end":{"line":76,"column":56}},"20":{"start":{"line":78,"column":37},"end":{"line":78,"column":86}},"21":{"start":{"line":80,"column":25},"end":{"line":80,"column":27}},"22":{"start":{"line":81,"column":26},"end":{"line":81,"column":44}},"23":{"start":{"line":83,"column":8},"end":{"line":90,"column":9}},"24":{"start":{"line":83,"column":21},"end":{"line":83,"column":22}},"25":{"start":{"line":84,"column":30},"end":{"line":84,"column":43}},"26":{"start":{"line":85,"column":33},"end":{"line":85,"column":64}},"27":{"start":{"line":86,"column":12},"end":{"line":89,"column":15}},"28":{"start":{"line":92,"column":8},"end":{"line":96,"column":10}},"29":{"start":{"line":104,"column":18},"end":{"line":104,"column":26}},"30":{"start":{"line":105,"column":21},"end":{"line":105,"column":49}},"31":{"start":{"line":105,"column":40},"end":{"line":105,"column":45}},"32":{"start":{"line":106,"column":21},"end":{"line":106,"column":49}},"33":{"start":{"line":106,"column":40},"end":{"line":106,"column":45}},"34":{"start":{"line":107,"column":22},"end":{"line":107,"column":66}},"35":{"start":{"line":107,"column":47},"end":{"line":107,"column":62}},"36":{"start":{"line":108,"column":22},"end":{"line":108,"column":61}},"37":{"start":{"line":108,"column":44},"end":{"line":108,"column":57}},"38":{"start":{"line":110,"column":22},"end":{"line":110,"column":75}},"39":{"start":{"line":111,"column":26},"end":{"line":111,"column":51}},"40":{"start":{"line":113,"column":8},"end":{"line":113,"column":36}},"41":{"start":{"line":117,"column":0},"end":{"line":117,"column":40}}},"fnMap":{"0":{"name":"(anonymous_0)","decl":{"start":{"line":4,"column":4},"end":{"line":4,"column":5}},"loc":{"start":{"line":4,"column":18},"end":{"line":4,"column":20}},"line":4},"1":{"name":"(anonymous_1)","decl":{"start":{"line":10,"column":4},"end":{"line":10,"column":5}},"loc":{"start":{"line":10,"column":26},"end":{"line":36,"column":5}},"line":10},"2":{"name":"(anonymous_2)","decl":{"start":{"line":42,"column":4},"end":{"line":42,"column":5}},"loc":{"start":{"line":42,"column":32},"end":{"line":62,"column":5}},"line":42},"3":{"name":"(anonymous_3)","decl":{"start":{"line":68,"column":4},"end":{"line":68,"column":5}},"loc":{"start":{"line":68,"column":38},"end":{"line":97,"column":5}},"line":68},"4":{"name":"(anonymous_4)","decl":{"start":{"line":75,"column":36},"end":{"line":75,"column":37}},"loc":{"start":{"line":75,"column":46},"end":{"line":75,"column":47}},"line":75},"5":{"name":"(anonymous_5)","decl":{"start":{"line":76,"column":36},"end":{"line":76,"column":37}},"loc":{"start":{"line":76,"column":41},"end":{"line":76,"column":56}},"line":76},"6":{"name":"(anonymous_6)","decl":{"start":{"line":103,"column":4},"end":{"line":103,"column":5}},"loc":{"start":{"line":103,"column":37},"end":{"line":114,"column":5}},"line":103},"7":{"name":"(anonymous_7)","decl":{"start":{"line":105,"column":30},"end":{"line":105,"column":31}},"loc":{"start":{"line":105,"column":40},"end":{"line":105,"column":45}},"line":105},"8":{"name":"(anonymous_8)","decl":{"start":{"line":106,"column":30},"end":{"line":106,"column":31}},"loc":{"start":{"line":106,"column":40},"end":{"line":106,"column":45}},"line":106},"9":{"name":"(anonymous_9)","decl":{"start":{"line":107,"column":31},"end":{"line":107,"column":32}},"loc":{"start":{"line":107,"column":47},"end":{"line":107,"column":62}},"line":107},"10":{"name":"(anonymous_10)","decl":{"start":{"line":108,"column":31},"end":{"line":108,"column":32}},"loc":{"start":{"line":108,"column":44},"end":{"line":108,"column":57}},"line":108}},"branchMap":{"0":{"loc":{"start":{"line":24,"column":35},"end":{"line":24,"column":61}},"type":"binary-expr","locations":[{"start":{"line":24,"column":35},"end":{"line":24,"column":56}},{"start":{"line":24,"column":60},"end":{"line":24,"column":61}}],"line":24},"1":{"loc":{"start":{"line":42,"column":20},"end":{"line":42,"column":30}},"type":"default-arg","locations":[{"start":{"line":42,"column":29},"end":{"line":42,"column":30}}],"line":42},"2":{"loc":{"start":{"line":68,"column":21},"end":{"line":68,"column":36}},"type":"default-arg","locations":[{"start":{"line":68,"column":35},"end":{"line":68,"column":36}}],"line":68},"3":{"loc":{"start":{"line":70,"column":8},"end":{"line":72,"column":9}},"type":"if","locations":[{"start":{"line":70,"column":8},"end":{"line":72,"column":9}},{"start":{},"end":{}}],"line":70},"4":{"loc":{"start":{"line":76,"column":41},"end":{"line":76,"column":56}},"type":"binary-expr","locations":[{"start":{"line":76,"column":41},"end":{"line":76,"column":51}},{"start":{"line":76,"column":55},"end":{"line":76,"column":56}}],"line":76}},"s":{"0":1,"1":1,"2":1,"3":1,"4":1,"5":1,"6":0,"7":0,"8":1,"9":1,"10":1,"11":0,"12":0,"13":1,"14":1,"15":0,"16":1,"17":3,"18":1,"19":3,"20":1,"21":1,"22":1,"23":1,"24":1,"25":1,"26":1,"27":1,"28":1,"29":1,"30":1,"31":3,"32":1,"33":3,"34":1,"35":3,"36":1,"37":3,"38":1,"39":1,"40":1,"41":1},"f":{"0":1,"1":1,"2":1,"3":1,"4":3,"5":3,"6":1,"7":3,"8":3,"9":3,"10":3},"b":{"0":[1,0],"1":[0],"2":[0],"3":[0,1],"4":[3,0]},"_coverageSchema":"1a1c01bbd47fc00a2c39e90264f33305004495a9","hash":"e647edf129261a06a7106b3c314f07771136b21d"}
}
