TN:
SF:services/syncEngine.js
FN:8,(anonymous_0)
FN:35,(anonymous_1)
FN:40,(anonymous_2)
FN:52,(anonymous_3)
FN:54,(anonymous_4)
FN:58,(anonymous_5)
FN:62,(anonymous_6)
FN:67,(anonymous_7)
FN:71,(anonymous_8)
FN:76,(anonymous_9)
FN:111,(anonymous_10)
FN:126,(anonymous_11)
FN:138,(anonymous_12)
FN:152,(anonymous_13)
FN:161,(anonymous_14)
FN:183,(anonymous_15)
FN:190,(anonymous_16)
FN:199,(anonymous_17)
FN:232,(anonymous_18)
FN:271,(anonymous_19)
FN:298,(anonymous_20)
FN:325,(anonymous_21)
FN:338,(anonymous_22)
FN:363,(anonymous_23)
FN:380,(anonymous_24)
FN:381,(anonymous_25)
FN:382,(anonymous_26)
FN:392,(anonymous_27)
FN:399,(anonymous_28)
FN:407,(anonymous_29)
FN:417,(anonymous_30)
FN:420,(anonymous_31)
FN:425,(anonymous_32)
FN:426,(anonymous_33)
FN:431,(anonymous_34)
FN:434,(anonymous_35)
FN:445,(anonymous_36)
FN:447,(anonymous_37)
FN:450,(anonymous_38)
FN:459,(anonymous_39)
FN:473,(anonymous_40)
FN:483,(anonymous_41)
FN:495,(anonymous_42)
FN:505,(anonymous_43)
FN:519,(anonymous_44)
FN:525,(anonymous_45)
FN:532,(anonymous_46)
FN:549,(anonymous_47)
FN:550,(anonymous_48)
FN:558,(anonymous_49)
FN:570,(anonymous_50)
FN:573,(anonymous_51)
FN:579,(anonymous_52)
FN:599,(anonymous_53)
FN:637,(anonymous_54)
FN:638,(anonymous_55)
FN:643,(anonymous_56)
FN:651,(anonymous_57)
FN:652,(anonymous_58)
FN:657,(anonymous_59)
FN:665,(anonymous_60)
FN:703,(anonymous_61)
FN:704,(anonymous_62)
FN:705,(anonymous_63)
FN:718,(anonymous_64)
FN:729,(anonymous_65)
FN:731,(anonymous_66)
FN:738,(anonymous_67)
FN:742,(anonymous_68)
FN:772,(anonymous_69)
FN:794,(anonymous_70)
FN:795,(anonymous_71)
FN:858,(anonymous_72)
FN:997,(anonymous_73)
FN:1078,(anonymous_74)
FN:1079,(anonymous_75)
FN:1100,(anonymous_76)
FN:1135,(anonymous_77)
FN:1143,(anonymous_78)
FN:1153,(anonymous_79)
FN:1154,(anonymous_80)
FN:1172,(anonymous_81)
FN:1182,(anonymous_82)
FN:1194,(anonymous_83)
FN:1198,(anonymous_84)
FN:1206,(anonymous_85)
FN:1207,(anonymous_86)
FN:1222,(anonymous_87)
FN:1232,(anonymous_88)
FN:1260,(anonymous_89)
FN:1265,(anonymous_90)
FN:1266,(anonymous_91)
FN:1275,(anonymous_92)
FN:1283,(anonymous_93)
FN:1284,(anonymous_94)
FN:1285,(anonymous_95)
FN:1293,(anonymous_96)
FN:1294,(anonymous_97)
FN:1299,(anonymous_98)
FN:1307,(anonymous_99)
FN:1308,(anonymous_100)
FN:1323,(anonymous_101)
FN:1341,(anonymous_102)
FN:1354,(anonymous_103)
FN:1355,(anonymous_104)
FN:1360,(anonymous_105)
FN:1368,(anonymous_106)
FN:1369,(anonymous_107)
FN:1373,(anonymous_108)
FN:1381,(anonymous_109)
FN:1438,(anonymous_110)
FN:1448,(anonymous_111)
FN:1462,(anonymous_112)
FN:1471,(anonymous_113)
FN:1472,(anonymous_114)
FN:1477,(anonymous_115)
FN:1485,(anonymous_116)
FN:1486,(anonymous_117)
FN:1491,(anonymous_118)
FN:1499,(anonymous_119)
FN:1511,(anonymous_120)
FN:1527,(anonymous_121)
FN:1531,(anonymous_122)
FNF:123
FNH:10
FNDA:3,(anonymous_0)
FNDA:0,(anonymous_1)
FNDA:3,(anonymous_2)
FNDA:3,(anonymous_3)
FNDA:0,(anonymous_4)
FNDA:0,(anonymous_5)
FNDA:0,(anonymous_6)
FNDA:0,(anonymous_7)
FNDA:0,(anonymous_8)
FNDA:1,(anonymous_9)
FNDA:0,(anonymous_10)
FNDA:0,(anonymous_11)
FNDA:0,(anonymous_12)
FNDA:0,(anonymous_13)
FNDA:2,(anonymous_14)
FNDA:1,(anonymous_15)
FNDA:0,(anonymous_16)
FNDA:0,(anonymous_17)
FNDA:1,(anonymous_18)
FNDA:0,(anonymous_19)
FNDA:0,(anonymous_20)
FNDA:0,(anonymous_21)
FNDA:0,(anonymous_22)
FNDA:0,(anonymous_23)
FNDA:0,(anonymous_24)
FNDA:0,(anonymous_25)
FNDA:0,(anonymous_26)
FNDA:1,(anonymous_27)
FNDA:0,(anonymous_28)
FNDA:0,(anonymous_29)
FNDA:0,(anonymous_30)
FNDA:0,(anonymous_31)
FNDA:3,(anonymous_32)
FNDA:0,(anonymous_33)
FNDA:0,(anonymous_34)
FNDA:0,(anonymous_35)
FNDA:0,(anonymous_36)
FNDA:0,(anonymous_37)
FNDA:0,(anonymous_38)
FNDA:0,(anonymous_39)
FNDA:1,(anonymous_40)
FNDA:0,(anonymous_41)
FNDA:0,(anonymous_42)
FNDA:0,(anonymous_43)
FNDA:0,(anonymous_44)
FNDA:0,(anonymous_45)
FNDA:0,(anonymous_46)
FNDA:0,(anonymous_47)
FNDA:0,(anonymous_48)
FNDA:0,(anonymous_49)
FNDA:0,(anonymous_50)
FNDA:0,(anonymous_51)
FNDA:0,(anonymous_52)
FNDA:0,(anonymous_53)
FNDA:0,(anonymous_54)
FNDA:0,(anonymous_55)
FNDA:0,(anonymous_56)
FNDA:0,(anonymous_57)
FNDA:0,(anonymous_58)
FNDA:0,(anonymous_59)
FNDA:0,(anonymous_60)
FNDA:0,(anonymous_61)
FNDA:0,(anonymous_62)
FNDA:0,(anonymous_63)
FNDA:0,(anonymous_64)
FNDA:0,(anonymous_65)
FNDA:0,(anonymous_66)
FNDA:0,(anonymous_67)
FNDA:0,(anonymous_68)
FNDA:0,(anonymous_69)
FNDA:0,(anonymous_70)
FNDA:0,(anonymous_71)
FNDA:0,(anonymous_72)
FNDA:0,(anonymous_73)
FNDA:0,(anonymous_74)
FNDA:0,(anonymous_75)
FNDA:0,(anonymous_76)
FNDA:0,(anonymous_77)
FNDA:0,(anonymous_78)
FNDA:0,(anonymous_79)
FNDA:0,(anonymous_80)
FNDA:0,(anonymous_81)
FNDA:0,(anonymous_82)
FNDA:0,(anonymous_83)
FNDA:0,(anonymous_84)
FNDA:0,(anonymous_85)
FNDA:0,(anonymous_86)
FNDA:0,(anonymous_87)
FNDA:0,(anonymous_88)
FNDA:0,(anonymous_89)
FNDA:0,(anonymous_90)
FNDA:0,(anonymous_91)
FNDA:0,(anonymous_92)
FNDA:0,(anonymous_93)
FNDA:0,(anonymous_94)
FNDA:0,(anonymous_95)
FNDA:0,(anonymous_96)
FNDA:0,(anonymous_97)
FNDA:0,(anonymous_98)
FNDA:0,(anonymous_99)
FNDA:0,(anonymous_100)
FNDA:0,(anonymous_101)
FNDA:0,(anonymous_102)
FNDA:0,(anonymous_103)
FNDA:0,(anonymous_104)
FNDA:0,(anonymous_105)
FNDA:0,(anonymous_106)
FNDA:0,(anonymous_107)
FNDA:0,(anonymous_108)
FNDA:0,(anonymous_109)
FNDA:0,(anonymous_110)
FNDA:0,(anonymous_111)
FNDA:0,(anonymous_112)
FNDA:0,(anonymous_113)
FNDA:0,(anonymous_114)
FNDA:0,(anonymous_115)
FNDA:0,(anonymous_116)
FNDA:0,(anonymous_117)
FNDA:0,(anonymous_118)
FNDA:0,(anonymous_119)
FNDA:0,(anonymous_120)
FNDA:0,(anonymous_121)
FNDA:0,(anonymous_122)
DA:1,1
DA:2,1
DA:3,1
DA:4,1
DA:5,1
DA:9,3
DA:10,3
DA:11,3
DA:12,3
DA:13,3
DA:14,3
DA:15,3
DA:16,3
DA:17,3
DA:18,3
DA:21,3
DA:22,3
DA:23,3
DA:24,3
DA:25,3
DA:26,3
DA:27,3
DA:28,3
DA:30,3
DA:31,3
DA:36,0
DA:37,0
DA:41,3
DA:42,3
DA:44,3
DA:45,3
DA:46,3
DA:48,3
DA:49,3
DA:54,3
DA:55,0
DA:58,3
DA:59,0
DA:62,3
DA:63,0
DA:67,3
DA:68,0
DA:71,3
DA:72,0
DA:77,1
DA:80,1
DA:93,1
DA:96,1
DA:97,1
DA:101,1
DA:102,1
DA:105,0
DA:108,1
DA:112,0
DA:114,0
DA:116,0
DA:119,0
DA:120,0
DA:121,0
DA:127,0
DA:129,0
DA:130,0
DA:131,0
DA:132,0
DA:133,0
DA:134,0
DA:139,0
DA:142,0
DA:143,0
DA:147,0
DA:148,0
DA:153,0
DA:156,0
DA:157,0
DA:163,2
DA:164,1
DA:165,1
DA:169,1
DA:170,1
DA:174,1
DA:176,1
DA:177,0
DA:179,1
DA:185,1
DA:186,0
DA:190,1
DA:191,0
DA:196,1
DA:200,0
DA:202,0
DA:204,0
DA:205,0
DA:206,0
DA:208,0
DA:210,0
DA:213,0
DA:214,0
DA:215,0
DA:217,0
DA:219,0
DA:223,0
DA:233,1
DA:234,1
DA:236,0
DA:237,0
DA:239,0
DA:240,0
DA:242,0
DA:243,0
DA:245,0
DA:246,0
DA:248,1
DA:252,1
DA:253,1
DA:256,1
DA:263,0
DA:266,1
DA:267,1
DA:272,0
DA:274,0
DA:276,0
DA:280,0
DA:283,0
DA:287,0
DA:290,0
DA:294,0
DA:299,0
DA:301,0
DA:303,0
DA:307,0
DA:310,0
DA:314,0
DA:317,0
DA:321,0
DA:326,0
DA:328,0
DA:331,0
DA:337,0
DA:338,0
DA:339,0
DA:345,0
DA:348,0
DA:352,0
DA:355,0
DA:359,0
DA:364,0
DA:366,0
DA:367,0
DA:371,0
DA:373,0
DA:381,0
DA:382,0
DA:383,0
DA:384,0
DA:386,0
DA:393,1
DA:400,0
DA:401,0
DA:403,0
DA:409,0
DA:411,0
DA:420,0
DA:421,0
DA:426,3
DA:427,0
DA:433,0
DA:434,0
DA:437,0
DA:446,0
DA:447,0
DA:450,0
DA:451,0
DA:454,0
DA:455,0
DA:460,0
DA:461,0
DA:463,0
DA:464,0
DA:467,0
DA:474,1
DA:485,0
DA:497,0
DA:506,0
DA:508,0
DA:509,0
DA:510,0
DA:511,0
DA:513,0
DA:520,0
DA:522,0
DA:523,0
DA:525,0
DA:526,0
DA:528,0
DA:533,0
DA:534,0
DA:535,0
DA:538,0
DA:539,0
DA:540,0
DA:541,0
DA:543,0
DA:544,0
DA:550,0
DA:551,0
DA:552,0
DA:557,0
DA:558,0
DA:559,0
DA:560,0
DA:561,0
DA:563,0
DA:571,0
DA:573,0
DA:574,0
DA:580,0
DA:581,0
DA:582,0
DA:585,0
DA:586,0
DA:587,0
DA:589,0
DA:590,0
DA:593,0
DA:600,0
DA:601,0
DA:604,0
DA:606,0
DA:608,0
DA:610,0
DA:611,0
DA:613,0
DA:616,0
DA:618,0
DA:621,0
DA:624,0
DA:625,0
DA:629,0
DA:632,0
DA:638,0
DA:639,0
DA:644,0
DA:645,0
DA:652,0
DA:653,0
DA:658,0
DA:659,0
DA:666,0
DA:668,0
DA:674,0
DA:675,0
DA:679,0
DA:681,0
DA:682,0
DA:686,0
DA:687,0
DA:691,0
DA:693,0
DA:695,0
DA:697,0
DA:698,0
DA:704,0
DA:705,0
DA:706,0
DA:708,0
DA:710,0
DA:719,0
DA:723,0
DA:729,0
DA:730,0
DA:732,0
DA:737,0
DA:739,0
DA:742,0
DA:743,0
DA:744,0
DA:745,0
DA:747,0
DA:750,0
DA:758,0
DA:760,0
DA:764,0
DA:765,0
DA:773,0
DA:774,0
DA:776,0
DA:777,0
DA:779,0
DA:780,0
DA:781,0
DA:783,0
DA:787,0
DA:789,0
DA:795,0
DA:797,0
DA:801,0
DA:802,0
DA:809,0
DA:813,0
DA:819,0
DA:822,0
DA:823,0
DA:825,0
DA:826,0
DA:833,0
DA:834,0
DA:835,0
DA:836,0
DA:843,0
DA:844,0
DA:847,0
DA:853,0
DA:854,0
DA:858,0
DA:859,0
DA:860,0
DA:861,0
DA:864,0
DA:865,0
DA:866,0
DA:868,0
DA:869,0
DA:870,0
DA:875,0
DA:876,0
DA:878,0
DA:879,0
DA:880,0
DA:885,0
DA:886,0
DA:887,0
DA:891,0
DA:893,0
DA:895,0
DA:897,0
DA:899,0
DA:900,0
DA:902,0
DA:904,0
DA:906,0
DA:907,0
DA:908,0
DA:912,0
DA:916,0
DA:923,0
DA:924,0
DA:925,0
DA:930,0
DA:936,0
DA:937,0
DA:938,0
DA:939,0
DA:944,0
DA:950,0
DA:952,0
DA:953,0
DA:959,0
DA:963,0
DA:967,0
DA:970,0
DA:979,0
DA:983,0
DA:984,0
DA:987,0
DA:991,0
DA:998,0
DA:1000,0
DA:1004,0
DA:1007,0
DA:1009,0
DA:1012,0
DA:1013,0
DA:1014,0
DA:1017,0
DA:1023,0
DA:1027,0
DA:1029,0
DA:1031,0
DA:1032,0
DA:1034,0
DA:1041,0
DA:1045,0
DA:1047,0
DA:1051,0
DA:1053,0
DA:1054,0
DA:1058,0
DA:1060,0
DA:1061,0
DA:1062,0
DA:1064,0
DA:1068,0
DA:1070,0
DA:1072,0
DA:1073,0
DA:1079,0
DA:1081,0
DA:1084,0
DA:1085,0
DA:1086,0
DA:1091,0
DA:1092,0
DA:1094,0
DA:1095,0
DA:1096,0
DA:1098,0
DA:1100,0
DA:1101,0
DA:1102,0
DA:1103,0
DA:1106,0
DA:1109,0
DA:1111,0
DA:1112,0
DA:1113,0
DA:1117,0
DA:1119,0
DA:1122,0
DA:1123,0
DA:1127,0
DA:1136,0
DA:1138,0
DA:1143,0
DA:1144,0
DA:1153,0
DA:1154,0
DA:1155,0
DA:1156,0
DA:1158,0
DA:1159,0
DA:1161,0
DA:1162,0
DA:1164,0
DA:1166,0
DA:1168,0
DA:1173,0
DA:1174,0
DA:1177,0
DA:1183,0
DA:1185,0
DA:1188,0
DA:1190,0
DA:1193,0
DA:1194,0
DA:1198,0
DA:1199,0
DA:1206,0
DA:1207,0
DA:1208,0
DA:1209,0
DA:1211,0
DA:1212,0
DA:1215,0
DA:1216,0
DA:1218,0
DA:1222,0
DA:1223,0
DA:1224,0
DA:1225,0
DA:1229,0
DA:1233,0
DA:1235,0
DA:1236,0
DA:1243,0
DA:1245,0
DA:1246,0
DA:1247,0
DA:1248,0
DA:1251,0
DA:1255,0
DA:1261,0
DA:1262,0
DA:1265,0
DA:1266,0
DA:1267,0
DA:1268,0
DA:1271,0
DA:1272,0
DA:1275,0
DA:1276,0
DA:1277,0
DA:1284,0
DA:1285,0
DA:1286,0
DA:1287,0
DA:1294,0
DA:1295,0
DA:1300,0
DA:1301,0
DA:1308,0
DA:1310,0
DA:1324,0
DA:1325,0
DA:1329,0
DA:1330,0
DA:1342,0
DA:1343,0
DA:1344,0
DA:1346,0
DA:1355,0
DA:1356,0
DA:1361,0
DA:1362,0
DA:1369,0
DA:1370,0
DA:1374,0
DA:1375,0
DA:1382,0
DA:1383,0
DA:1384,0
DA:1387,0
DA:1388,0
DA:1391,0
DA:1392,0
DA:1394,0
DA:1396,0
DA:1398,0
DA:1399,0
DA:1402,0
DA:1405,0
DA:1408,0
DA:1409,0
DA:1412,0
DA:1413,0
DA:1416,0
DA:1417,0
DA:1420,0
DA:1421,0
DA:1423,0
DA:1424,0
DA:1426,0
DA:1429,0
DA:1430,0
DA:1431,0
DA:1433,0
DA:1439,0
DA:1440,0
DA:1441,0
DA:1444,0
DA:1445,0
DA:1448,0
DA:1449,0
DA:1450,0
DA:1451,0
DA:1454,0
DA:1458,0
DA:1463,0
DA:1464,0
DA:1465,0
DA:1466,0
DA:1472,0
DA:1473,0
DA:1478,0
DA:1479,0
DA:1486,0
DA:1487,0
DA:1492,0
DA:1494,0
DA:1499,0
DA:1500,0
DA:1501,0
DA:1504,0
DA:1512,0
DA:1528,0
DA:1532,0
DA:1533,0
DA:1537,0
DA:1539,0
DA:1540,0
DA:1541,0
DA:1545,1
LF:571
LH:68
BRDA:8,0,0,0
BRDA:30,1,0,3
BRDA:30,1,1,0
BRDA:36,2,0,0
BRDA:36,2,1,0
BRDA:37,3,0,0
BRDA:37,3,1,0
BRDA:40,4,0,0
BRDA:48,5,0,3
BRDA:48,5,1,0
BRDA:96,6,0,1
BRDA:96,6,1,0
BRDA:101,7,0,1
BRDA:101,7,1,0
BRDA:114,8,0,0
BRDA:114,8,1,0
BRDA:120,9,0,0
BRDA:120,9,1,0
BRDA:129,10,0,0
BRDA:129,10,1,0
BRDA:131,11,0,0
BRDA:131,11,1,0
BRDA:133,12,0,0
BRDA:133,12,1,0
BRDA:142,13,0,0
BRDA:142,13,1,0
BRDA:142,14,0,0
BRDA:142,14,1,0
BRDA:147,15,0,0
BRDA:147,15,1,0
BRDA:147,16,0,0
BRDA:147,16,1,0
BRDA:156,17,0,0
BRDA:156,17,1,0
BRDA:156,18,0,0
BRDA:156,18,1,0
BRDA:163,19,0,1
BRDA:163,19,1,1
BRDA:163,20,0,2
BRDA:163,20,1,2
BRDA:169,21,0,1
BRDA:169,21,1,0
BRDA:176,22,0,0
BRDA:176,22,1,1
BRDA:185,23,0,0
BRDA:185,23,1,1
BRDA:191,24,0,0
BRDA:191,24,1,0
BRDA:191,24,2,0
BRDA:202,25,0,0
BRDA:202,25,1,0
BRDA:202,25,2,0
BRDA:204,26,0,0
BRDA:204,26,1,0
BRDA:213,27,0,0
BRDA:213,27,1,0
BRDA:234,28,0,0
BRDA:234,28,1,0
BRDA:234,28,2,0
BRDA:234,28,3,0
BRDA:234,28,4,1
BRDA:274,29,0,0
BRDA:274,29,1,0
BRDA:274,29,2,0
BRDA:301,30,0,0
BRDA:301,30,1,0
BRDA:301,30,2,0
BRDA:328,31,0,0
BRDA:328,31,1,0
BRDA:328,31,2,0
BRDA:337,32,0,0
BRDA:337,32,1,0
BRDA:366,33,0,0
BRDA:366,33,1,0
BRDA:371,34,0,0
BRDA:371,34,1,0
BRDA:383,35,0,0
BRDA:383,35,1,0
BRDA:401,36,0,0
BRDA:401,36,1,0
BRDA:421,37,0,0
BRDA:421,37,1,0
BRDA:421,38,0,0
BRDA:421,38,1,0
BRDA:451,39,0,0
BRDA:451,39,1,0
BRDA:454,40,0,0
BRDA:454,40,1,0
BRDA:506,41,0,0
BRDA:506,41,1,0
BRDA:506,42,0,0
BRDA:506,42,1,0
BRDA:520,43,0,0
BRDA:520,43,1,0
BRDA:520,44,0,0
BRDA:520,44,1,0
BRDA:533,45,0,0
BRDA:533,45,1,0
BRDA:549,46,0,0
BRDA:557,47,0,0
BRDA:557,47,1,0
BRDA:559,48,0,0
BRDA:559,48,1,0
BRDA:571,49,0,0
BRDA:571,49,1,0
BRDA:571,50,0,0
BRDA:571,50,1,0
BRDA:580,51,0,0
BRDA:580,51,1,0
BRDA:601,52,0,0
BRDA:601,52,1,0
BRDA:608,53,0,0
BRDA:608,53,1,0
BRDA:608,53,2,0
BRDA:624,54,0,0
BRDA:624,54,1,0
BRDA:644,55,0,0
BRDA:644,55,1,0
BRDA:658,56,0,0
BRDA:658,56,1,0
BRDA:674,57,0,0
BRDA:674,57,1,0
BRDA:674,58,0,0
BRDA:674,58,1,0
BRDA:681,59,0,0
BRDA:681,59,1,0
BRDA:686,60,0,0
BRDA:686,60,1,0
BRDA:719,61,0,0
BRDA:719,61,1,0
BRDA:732,62,0,0
BRDA:732,62,1,0
BRDA:739,63,0,0
BRDA:739,63,1,0
BRDA:743,64,0,0
BRDA:743,64,1,0
BRDA:777,65,0,0
BRDA:777,65,1,0
BRDA:801,66,0,0
BRDA:801,66,1,0
BRDA:823,67,0,0
BRDA:823,67,1,0
BRDA:825,68,0,0
BRDA:825,68,1,0
BRDA:835,69,0,0
BRDA:835,69,1,0
BRDA:859,70,0,0
BRDA:859,70,1,0
BRDA:868,71,0,0
BRDA:868,71,1,0
BRDA:876,72,0,0
BRDA:876,72,1,0
BRDA:876,73,0,0
BRDA:876,73,1,0
BRDA:878,74,0,0
BRDA:878,74,1,0
BRDA:885,75,0,0
BRDA:885,75,1,0
BRDA:886,76,0,0
BRDA:886,76,1,0
BRDA:887,77,0,0
BRDA:887,77,1,0
BRDA:895,78,0,0
BRDA:895,78,1,0
BRDA:897,79,0,0
BRDA:897,79,1,0
BRDA:899,80,0,0
BRDA:899,80,1,0
BRDA:899,81,0,0
BRDA:899,81,1,0
BRDA:899,81,2,0
BRDA:904,82,0,0
BRDA:904,82,1,0
BRDA:923,83,0,0
BRDA:923,83,1,0
BRDA:923,84,0,0
BRDA:923,84,1,0
BRDA:937,85,0,0
BRDA:937,85,1,0
BRDA:937,86,0,0
BRDA:937,86,1,0
BRDA:1012,87,0,0
BRDA:1012,87,1,0
BRDA:1013,88,0,0
BRDA:1013,88,1,0
BRDA:1027,89,0,0
BRDA:1027,89,1,0
BRDA:1029,90,0,0
BRDA:1029,90,1,0
BRDA:1032,91,0,0
BRDA:1032,91,1,0
BRDA:1041,92,0,0
BRDA:1041,92,1,0
BRDA:1045,93,0,0
BRDA:1045,93,1,0
BRDA:1053,94,0,0
BRDA:1053,94,1,0
BRDA:1058,95,0,0
BRDA:1058,95,1,0
BRDA:1060,96,0,0
BRDA:1060,96,1,0
BRDA:1060,97,0,0
BRDA:1060,97,1,0
BRDA:1060,97,2,0
BRDA:1070,98,0,0
BRDA:1070,98,1,0
BRDA:1084,99,0,0
BRDA:1084,99,1,0
BRDA:1084,100,0,0
BRDA:1084,100,1,0
BRDA:1092,101,0,0
BRDA:1092,101,1,0
BRDA:1095,102,0,0
BRDA:1095,102,1,0
BRDA:1101,103,0,0
BRDA:1101,103,1,0
BRDA:1106,104,0,0
BRDA:1106,104,1,0
BRDA:1109,105,0,0
BRDA:1109,105,1,0
BRDA:1109,105,2,0
BRDA:1112,106,0,0
BRDA:1112,106,1,0
BRDA:1117,107,0,0
BRDA:1117,107,1,0
BRDA:1144,108,0,0
BRDA:1144,108,1,0
BRDA:1144,108,2,0
BRDA:1144,108,3,0
BRDA:1144,108,4,0
BRDA:1144,108,5,0
BRDA:1144,108,6,0
BRDA:1156,109,0,0
BRDA:1156,109,1,0
BRDA:1158,110,0,0
BRDA:1158,110,1,0
BRDA:1159,111,0,0
BRDA:1159,111,1,0
BRDA:1161,112,0,0
BRDA:1161,112,1,0
BRDA:1161,113,0,0
BRDA:1161,113,1,0
BRDA:1161,113,2,0
BRDA:1173,114,0,0
BRDA:1173,114,1,0
BRDA:1193,115,0,0
BRDA:1193,115,1,0
BRDA:1194,116,0,0
BRDA:1194,116,1,0
BRDA:1199,117,0,0
BRDA:1199,117,1,0
BRDA:1199,117,2,0
BRDA:1199,117,3,0
BRDA:1199,117,4,0
BRDA:1209,118,0,0
BRDA:1209,118,1,0
BRDA:1211,119,0,0
BRDA:1211,119,1,0
BRDA:1212,120,0,0
BRDA:1212,120,1,0
BRDA:1215,121,0,0
BRDA:1215,121,1,0
BRDA:1215,122,0,0
BRDA:1215,122,1,0
BRDA:1215,122,2,0
BRDA:1224,123,0,0
BRDA:1224,123,1,0
BRDA:1224,124,0,0
BRDA:1224,124,1,0
BRDA:1224,124,2,0
BRDA:1224,124,3,0
BRDA:1224,124,4,0
BRDA:1233,125,0,0
BRDA:1233,125,1,0
BRDA:1235,126,0,0
BRDA:1235,126,1,0
BRDA:1261,127,0,0
BRDA:1261,127,1,0
BRDA:1267,128,0,0
BRDA:1267,128,1,0
BRDA:1286,129,0,0
BRDA:1286,129,1,0
BRDA:1300,130,0,0
BRDA:1300,130,1,0
BRDA:1324,131,0,0
BRDA:1324,131,1,0
BRDA:1324,132,0,0
BRDA:1324,132,1,0
BRDA:1340,133,0,0
BRDA:1340,133,1,0
BRDA:1342,134,0,0
BRDA:1342,134,1,0
BRDA:1361,135,0,0
BRDA:1361,135,1,0
BRDA:1362,136,0,0
BRDA:1362,136,1,0
BRDA:1374,137,0,0
BRDA:1374,137,1,0
BRDA:1382,138,0,0
BRDA:1382,138,1,0
BRDA:1387,139,0,0
BRDA:1387,139,1,0
BRDA:1398,140,0,0
BRDA:1398,140,1,0
BRDA:1439,141,0,0
BRDA:1439,141,1,0
BRDA:1444,142,0,0
BRDA:1444,142,1,0
BRDA:1450,143,0,0
BRDA:1450,143,1,0
BRDA:1450,144,0,0
BRDA:1450,144,1,0
BRDA:1463,145,0,0
BRDA:1463,145,1,0
BRDA:1471,146,0,0
BRDA:1478,147,0,0
BRDA:1478,147,1,0
BRDA:1479,148,0,0
BRDA:1479,148,1,0
BRDA:1492,149,0,0
BRDA:1492,149,1,0
BRDA:1532,150,0,0
BRDA:1532,150,1,0
BRF:323
BRH:12
end_of_record
