TN:
SF:services/taxIntelligenceService.js
FN:4,(anonymous_0)
FN:20,(anonymous_1)
FN:28,(anonymous_2)
FN:52,(anonymous_3)
FN:67,(anonymous_4)
FN:132,(anonymous_5)
FNF:6
FNH:4
FNDA:1,(anonymous_0)
FNDA:1,(anonymous_1)
FNDA:1,(anonymous_2)
FNDA:0,(anonymous_3)
FNDA:1,(anonymous_4)
FNDA:0,(anonymous_5)
DA:1,1
DA:5,1
DA:11,1
DA:21,1
DA:22,0
DA:25,1
DA:28,1
DA:30,1
DA:37,1
DA:43,1
DA:45,1
DA:46,1
DA:54,0
DA:80,1
DA:88,1
DA:91,1
DA:97,1
DA:98,1
DA:102,1
DA:103,1
DA:104,1
DA:105,1
DA:110,1
DA:112,0
DA:116,1
DA:117,1
DA:119,1
DA:133,0
DA:134,0
DA:138,0
DA:139,0
DA:145,0
DA:146,0
DA:151,0
DA:152,0
DA:160,0
DA:161,0
DA:162,0
DA:163,0
DA:170,0
DA:174,1
LF:41
LH:25
BRDA:20,0,0,0
BRDA:20,1,0,0
BRDA:21,2,0,0
BRDA:21,2,1,1
BRDA:54,3,0,0
BRDA:54,3,1,0
BRDA:80,4,0,1
BRDA:80,4,1,0
BRDA:97,5,0,1
BRDA:97,5,1,0
BRDA:98,6,0,1
BRDA:98,6,1,0
BRDA:103,7,0,1
BRDA:103,7,1,0
BRDA:110,8,0,1
BRDA:110,8,1,0
BRDA:122,9,0,1
BRDA:122,9,1,0
BRDA:139,10,0,0
BRDA:139,10,1,0
BRDA:145,11,0,0
BRDA:145,11,1,0
BRDA:151,12,0,0
BRDA:151,12,1,0
BRDA:162,13,0,0
BRDA:162,13,1,0
BRDA:162,14,0,0
BRDA:162,14,1,0
BRF:28
BRH:7
end_of_record
